<?xml version="1.0"?>
<testsuite name="HeadlessChrome 80.0.3987 (Mac OS X 10.15.3)" package="" timestamp="2020-03-02T16:45:17" id="0" hostname="Lambert.local" tests="2" errors="0" failures="0" time="0.029">
  <properties>
    <property name="browser.fullName" value="Mozilla/5.0 (Macintosh; Intel Mac OS X 10_15_3) AppleWebKit/537.36 (KHTML, like Gecko) HeadlessChrome/80.0.3987.122 Safari/537.36"/>
  </properties>
  <testcase name="h1 by default should be brand red colour" time="0.019" classname="h1"/>
  <testcase name="Card title should have double the amount of spacing bottom on desktop" time="0.01" classname="Card title"/>
  <system-out>
    <![CDATA[
]]>
  </system-out>
  <system-err/>
</testsuite>